<?xml version="1.0" encoding="UTF-8"?>
<!-- Generated by org.testng.reporters.JUnitReportReporter -->
<testsuite skipped="0" hostname="LAPTOP-4PPO27N0" name="Myproject.RestApiTest" tests="2" failures="0" timestamp="18 Feb 2019 06:02:16 GMT" time="0.000" errors="0">
  <testcase name="DeleteTwitter" time="0.000" classname="Myproject.RestApiTest"/>
  <testcase name="PostJira" time="0.000" classname="Myproject.RestApiTest"/>
</testsuite> <!-- Myproject.RestApiTest -->
