<?xml version="1.0" encoding="UTF-8"?>
<!-- Generated by org.testng.reporters.JUnitReportReporter -->
<testsuite skipped="0" hostname="LAPTOP-4PPO27N0" name="Myproject.SeleniumTest" tests="2" failures="0" timestamp="18 Feb 2019 05:43:05 GMT" time="0.000" errors="0">
  <testcase name="ElementUI" time="0.000" classname="Myproject.SeleniumTest"/>
  <testcase name="BrowserAutomation" time="0.000" classname="Myproject.SeleniumTest"/>
</testsuite> <!-- Myproject.SeleniumTest -->
