<?xml version="1.0" encoding="UTF-8"?>
<!-- Generated by org.testng.reporters.JUnitReportReporter -->
<testsuite skipped="0" hostname="LAPTOP-4PPO27N0" name="Myproject.AppiumTest" tests="2" failures="0" timestamp="18 Feb 2019 06:02:16 GMT" time="0.000" errors="0">
  <testcase name="AndroidApp" time="0.000" classname="Myproject.AppiumTest"/>
  <testcase name="IOSapp" time="0.000" classname="Myproject.AppiumTest"/>
</testsuite> <!-- Myproject.AppiumTest -->
